2025-05-16 16:26:29 |INFO:	Received request for dummy prediction
2025-05-16 16:26:35 |INFO:	Received request for linear regression prediction
2025-05-16 18:01:55 | INFO:	Received request for linear regression prediction
2025-05-16 18:03:16 | INFO:	Received request for linear regression prediction
2025-05-16 18:03:47 | INFO:	Received request for random forest prediction
2025-05-16 18:07:06 | INFO:	Received request for dummy prediction
2025-05-16 18:07:41 | INFO:	Received request for dummy prediction
2025-05-16 18:07:47 | INFO:	Received request for dummy prediction
2025-05-16 18:07:51 | INFO:	Received request for dummy prediction
2025-05-16 18:15:48 | INFO:	Received request for linear regression prediction
2025-05-16 18:15:52 | INFO:	Received request for dummy prediction
2025-05-16 18:15:54 | INFO:	Received request for random forest prediction
2025-05-16 18:16:02 | INFO:	Received request for linear regression prediction
2025-05-16 18:16:14 | INFO:	Received request for linear regression prediction
2025-05-16 18:16:27 | INFO:	Received request for random forest prediction
2025-05-16 18:16:47 | INFO:	Received request for random forest prediction
2025-05-16 18:17:04 | INFO:	Received request for random forest prediction
2025-05-16 18:17:20 | INFO:	Received request for random forest prediction
2025-05-16 18:17:30 | INFO:	Received request for random forest prediction
2025-05-16 18:17:48 | INFO:	Received request for random forest prediction
2025-05-16 18:18:38 | INFO:	Received request for random forest prediction
2025-05-16 18:20:58 | INFO:	Received request for random forest prediction
2025-05-16 18:25:37 | INFO:	Received request for random forest prediction
2025-05-16 18:25:38 | INFO:	Received request for random forest prediction
2025-05-16 19:35:34 | INFO:	Received request for random forest prediction
2025-05-16 19:37:26 | INFO:	Received request for random forest prediction
2025-05-16 19:38:51 | INFO:	Received request for random forest prediction
2025-05-16 19:39:06 | INFO:	Received request for random forest prediction
2025-05-16 19:44:16 | INFO:	Received request for dummy prediction
2025-05-16 19:44:22 | INFO:	Received request for dummy prediction
2025-05-16 19:44:24 | INFO:	Received request for dummy prediction
2025-05-16 19:44:31 | INFO:	Received request for linear regression prediction
2025-05-16 19:45:07 | INFO:	Received request for linear regression prediction
2025-05-16 19:45:28 | INFO:	Received request for linear regression prediction
2025-05-16 20:01:15 | INFO:	Received request for dummy prediction
2025-05-16 20:01:18 | INFO:	Received request for random forest prediction
2025-05-16 20:01:21 | INFO:	Received request for linear regression prediction
2025-05-16 23:59:26 | INFO:	Received request for ab prediction
2025-05-17 00:01:01 | INFO:	Received request for ab prediction
2025-05-17 00:18:07 | INFO:	Received request for linear regression prediction
2025-05-17 00:18:13 | INFO:	Received request for random forest prediction
2025-05-17 00:19:16 | INFO:	Received request for dummy prediction
2025-05-17 00:19:59 | INFO:	Received request for ab prediction
2025-05-17 00:22:27 | INFO:	Received request for ab prediction
2025-05-17 00:22:31 | INFO:	Received request for ab prediction
2025-05-17 00:22:38 | INFO:	Received request for ab prediction
2025-05-17 00:22:41 | INFO:	Received request for ab prediction
2025-05-17 00:39:58 | INFO:	Received request for ab prediction
2025-05-17 00:40:05 | INFO:	Received request for ab prediction
2025-05-17 00:40:08 | INFO:	Received request for ab prediction
2025-05-17 00:40:11 | INFO:	Received request for ab prediction
2025-05-17 00:40:14 | INFO:	Received request for ab prediction
2025-05-17 00:40:18 | INFO:	Received request for ab prediction
2025-05-17 00:41:58 | INFO:	Received request for ab prediction
2025-05-17 00:42:02 | INFO:	Received request for ab prediction
2025-05-17 01:03:33 | INFO:	Received request to set final price 3500.0
2025-05-17 01:04:34 | INFO:	Received request to set final price 3500.0
2025-05-17 01:39:52 | INFO:	Received request for ab prediction
2025-05-17 01:39:52 | INFO:	Responded with prediction 3493.625064484341 using model RANDOM_FOREST
2025-05-17 01:40:05 | INFO:	Received request to set final price 2000.0
2025-05-17 01:40:08 | INFO:	Received request for ab prediction
2025-05-17 01:40:08 | INFO:	Responded with prediction 3493.625064484341 using model RANDOM_FOREST
2025-05-17 01:40:21 | INFO:	Received request to set final price 2223.0
2025-05-17 01:40:24 | INFO:	Received request for ab prediction
2025-05-17 01:40:24 | INFO:	Responded with prediction 1265.9972707656354 using model LINEAR_REGRESSION
2025-05-17 01:41:29 | INFO:	Received request for ab prediction
2025-05-17 01:41:29 | INFO:	Responded with prediction 3493.625064484341 using model RANDOM_FOREST
2025-05-17 01:41:41 | INFO:	Received request to set final price 1234.0
2025-05-17 02:27:57 | INFO:	Received request to get summary
2025-05-17 02:28:19 | INFO:	Received request to get summary
2025-05-17 02:30:31 | INFO:	Received request to get summary
2025-05-17 02:30:36 | INFO:	Received request for ab prediction
2025-05-17 02:30:36 | INFO:	Responded with prediction 3493.63 using model RANDOM_FOREST
2025-05-17 02:30:49 | INFO:	Received request to set final price 2343.0
2025-05-17 02:30:54 | INFO:	Received request to get summary
2025-05-17 02:30:58 | INFO:	Received request for ab prediction
2025-05-17 02:30:58 | INFO:	Responded with prediction 1266.00 using model LINEAR_REGRESSION
2025-05-17 02:31:08 | INFO:	Received request to set final price 2345.0
2025-05-17 02:31:10 | INFO:	Received request for ab prediction
2025-05-17 02:31:10 | INFO:	Responded with prediction 1266.00 using model LINEAR_REGRESSION
2025-05-17 02:31:22 | INFO:	Received request to set final price 3453.0
2025-05-17 02:32:13 | INFO:	Received request to get summary
2025-05-17 02:32:19 | INFO:	Received request for ab prediction
2025-05-17 02:32:19 | INFO:	Responded with prediction 1266.00 using model LINEAR_REGRESSION
2025-05-17 02:32:30 | INFO:	Received request to set final price 34.0
2025-05-17 02:32:32 | INFO:	Received request to get summary
2025-05-17 02:32:39 | INFO:	Received request for ab prediction
2025-05-17 02:32:39 | INFO:	Responded with prediction 1266.00 using model LINEAR_REGRESSION
2025-05-17 02:32:47 | INFO:	Received request to set final price 4354.0
2025-05-17 02:32:49 | INFO:	Received request to get summary
2025-05-17 02:32:52 | INFO:	Received request for ab prediction
2025-05-17 02:32:52 | INFO:	Responded with prediction 1266.00 using model LINEAR_REGRESSION
2025-05-17 02:33:02 | INFO:	Received request to set final price 2343.0
2025-05-17 02:33:04 | INFO:	Received request to get summary
2025-05-17 02:33:07 | INFO:	Received request for ab prediction
2025-05-17 02:33:07 | INFO:	Responded with prediction 1266.00 using model LINEAR_REGRESSION
2025-05-17 02:33:16 | INFO:	Received request to set final price 4534.0
2025-05-17 02:33:17 | INFO:	Received request to get summary
2025-05-17 02:33:38 | INFO:	Received request for ab prediction
2025-05-17 02:33:38 | INFO:	Responded with prediction 3493.63 using model RANDOM_FOREST
2025-05-17 02:33:46 | INFO:	Received request to set final price 3454.0
2025-05-17 02:33:48 | INFO:	Received request for ab prediction
2025-05-17 02:33:48 | INFO:	Responded with prediction 3493.63 using model RANDOM_FOREST
2025-05-17 02:33:55 | INFO:	Received request to set final price 3454.0
2025-05-17 02:34:01 | INFO:	Received request for ab prediction
2025-05-17 02:34:01 | INFO:	Responded with prediction 1266.00 using model LINEAR_REGRESSION
2025-05-17 02:34:09 | INFO:	Received request to set final price 1432.0
2025-05-17 02:34:11 | INFO:	Received request for ab prediction
2025-05-17 02:34:11 | INFO:	Responded with prediction 3493.63 using model RANDOM_FOREST
2025-05-17 02:34:22 | INFO:	Received request to set final price 3678.0
2025-05-17 02:34:24 | INFO:	Received request to get summary
